[*] Running ...
Traceback (most recent call last):
  File "/home/rjj/miniconda3/envs/ReEvo/lib/python3.11/site-packages/pandas/core/groupby/groupby.py", line 1825, in apply
    result = self._python_apply_general(f, self._selected_obj)
             ^^^^^^^^^^^^^^^^^^^^^^^^^^^^^^^^^^^^^^^^^^^^^^^^^
  File "/home/rjj/miniconda3/envs/ReEvo/lib/python3.11/site-packages/pandas/core/groupby/groupby.py", line 1886, in _python_apply_general
    values, mutated = self._grouper.apply_groupwise(f, data, self.axis)
                      ^^^^^^^^^^^^^^^^^^^^^^^^^^^^^^^^^^^^^^^^^^^^^^^^^
  File "/home/rjj/miniconda3/envs/ReEvo/lib/python3.11/site-packages/pandas/core/groupby/ops.py", line 919, in apply_groupwise
    res = f(group)
          ^^^^^^^^
  File "/home/rjj/reevo/problems/csi300/eval.py", line 28, in <lambda>
    market_data['factor'] = market_data.groupby('stock_code').apply(lambda x: heuristics(x)).reset_index(level=0, drop=True)
                                                                              ^^^^^^^^^^^^^
  File "/home/rjj/reevo/problems/csi300/tmp/gpt_temp_4_680bc05d.py", line 31, in heuristics_v2
    df['True_Range'] = df[['high' - 'low', 'high' - 'Prev_Close', 'Prev_Close' - 'low']].max(axis=1).abs()
                           ~~~~~~~^~~~~~~
TypeError: unsupported operand type(s) for -: 'str' and 'str'

During handling of the above exception, another exception occurred:

Traceback (most recent call last):
  File "/home/rjj/reevo/problems/csi300/eval.py", line 69, in <module>
    mean_ic = solve(market_data, heuristics)
              ^^^^^^^^^^^^^^^^^^^^^^^^^^^^^^
  File "/home/rjj/reevo/problems/csi300/eval.py", line 28, in solve
    market_data['factor'] = market_data.groupby('stock_code').apply(lambda x: heuristics(x)).reset_index(level=0, drop=True)
                            ^^^^^^^^^^^^^^^^^^^^^^^^^^^^^^^^^^^^^^^^^^^^^^^^^^^^^^^^^^^^^^^^
  File "/home/rjj/miniconda3/envs/ReEvo/lib/python3.11/site-packages/pandas/core/groupby/groupby.py", line 1847, in apply
    return self._python_apply_general(f, self._obj_with_exclusions)
           ^^^^^^^^^^^^^^^^^^^^^^^^^^^^^^^^^^^^^^^^^^^^^^^^^^^^^^^^
  File "/home/rjj/miniconda3/envs/ReEvo/lib/python3.11/site-packages/pandas/core/groupby/groupby.py", line 1886, in _python_apply_general
    values, mutated = self._grouper.apply_groupwise(f, data, self.axis)
                      ^^^^^^^^^^^^^^^^^^^^^^^^^^^^^^^^^^^^^^^^^^^^^^^^^
  File "/home/rjj/miniconda3/envs/ReEvo/lib/python3.11/site-packages/pandas/core/groupby/ops.py", line 919, in apply_groupwise
    res = f(group)
          ^^^^^^^^
  File "/home/rjj/reevo/problems/csi300/eval.py", line 28, in <lambda>
    market_data['factor'] = market_data.groupby('stock_code').apply(lambda x: heuristics(x)).reset_index(level=0, drop=True)
                                                                              ^^^^^^^^^^^^^
  File "/home/rjj/reevo/problems/csi300/tmp/gpt_temp_4_680bc05d.py", line 31, in heuristics_v2
    df['True_Range'] = df[['high' - 'low', 'high' - 'Prev_Close', 'Prev_Close' - 'low']].max(axis=1).abs()
                           ~~~~~~~^~~~~~~
TypeError: unsupported operand type(s) for -: 'str' and 'str'
