[*] Running ...
Traceback (most recent call last):
  File "/home/renjunji_2023/miniconda3/envs/reevo/lib/python3.11/site-packages/pandas/core/generic.py", line 576, in _get_axis_number
    return cls._AXIS_TO_AXIS_NUMBER[axis]
           ~~~~~~~~~~~~~~~~~~~~~~~~^^^^^^
KeyError: 1

During handling of the above exception, another exception occurred:

Traceback (most recent call last):
  File "/home/renjunji_2023/reevo/problems/csi500/eval.py", line 69, in <module>
    mean_ic = solve(market_data, heuristics)
              ^^^^^^^^^^^^^^^^^^^^^^^^^^^^^^
  File "/home/renjunji_2023/reevo/problems/csi500/eval.py", line 28, in solve
    market_data['factor'] = market_data.groupby('stock_code').apply(lambda x: heuristics(x)).reset_index(level=0, drop=True)
                            ^^^^^^^^^^^^^^^^^^^^^^^^^^^^^^^^^^^^^^^^^^^^^^^^^^^^^^^^^^^^^^^^
  File "/home/renjunji_2023/miniconda3/envs/reevo/lib/python3.11/site-packages/pandas/core/groupby/groupby.py", line 1825, in apply
    result = self._python_apply_general(f, self._selected_obj)
             ^^^^^^^^^^^^^^^^^^^^^^^^^^^^^^^^^^^^^^^^^^^^^^^^^
  File "/home/renjunji_2023/miniconda3/envs/reevo/lib/python3.11/site-packages/pandas/core/groupby/groupby.py", line 1886, in _python_apply_general
    values, mutated = self._grouper.apply_groupwise(f, data, self.axis)
                      ^^^^^^^^^^^^^^^^^^^^^^^^^^^^^^^^^^^^^^^^^^^^^^^^^
  File "/home/renjunji_2023/miniconda3/envs/reevo/lib/python3.11/site-packages/pandas/core/groupby/ops.py", line 919, in apply_groupwise
    res = f(group)
          ^^^^^^^^
  File "/home/renjunji_2023/reevo/problems/csi500/eval.py", line 28, in <lambda>
    market_data['factor'] = market_data.groupby('stock_code').apply(lambda x: heuristics(x)).reset_index(level=0, drop=True)
                                                                              ^^^^^^^^^^^^^
  File "/home/renjunji_2023/reevo/problems/csi500/tmp/gpt_temp_8_b97412fb.py", line 12, in heuristics_v2
    tr = df[['high', 'low']].apply(lambda x: x.diff().abs().max(axis=1), axis=1)
         ^^^^^^^^^^^^^^^^^^^^^^^^^^^^^^^^^^^^^^^^^^^^^^^^^^^^^^^^^^^^^^^^^^^^^^^
  File "/home/renjunji_2023/miniconda3/envs/reevo/lib/python3.11/site-packages/pandas/core/frame.py", line 10381, in apply
    return op.apply().__finalize__(self, method="apply")
           ^^^^^^^^^^
  File "/home/renjunji_2023/miniconda3/envs/reevo/lib/python3.11/site-packages/pandas/core/apply.py", line 916, in apply
    return self.apply_standard()
           ^^^^^^^^^^^^^^^^^^^^^
  File "/home/renjunji_2023/miniconda3/envs/reevo/lib/python3.11/site-packages/pandas/core/apply.py", line 1063, in apply_standard
    results, res_index = self.apply_series_generator()
                         ^^^^^^^^^^^^^^^^^^^^^^^^^^^^^
  File "/home/renjunji_2023/miniconda3/envs/reevo/lib/python3.11/site-packages/pandas/core/apply.py", line 1081, in apply_series_generator
    results[i] = self.func(v, *self.args, **self.kwargs)
                 ^^^^^^^^^^^^^^^^^^^^^^^^^^^^^^^^^^^^^^^
  File "/home/renjunji_2023/reevo/problems/csi500/tmp/gpt_temp_8_b97412fb.py", line 12, in <lambda>
    tr = df[['high', 'low']].apply(lambda x: x.diff().abs().max(axis=1), axis=1)
                                             ^^^^^^^^^^^^^^^^^^^^^^^^^^
  File "/home/renjunji_2023/miniconda3/envs/reevo/lib/python3.11/site-packages/pandas/core/series.py", line 6528, in max
    return NDFrame.max(self, axis, skipna, numeric_only, **kwargs)
           ^^^^^^^^^^^^^^^^^^^^^^^^^^^^^^^^^^^^^^^^^^^^^^^^^^^^^^^
  File "/home/renjunji_2023/miniconda3/envs/reevo/lib/python3.11/site-packages/pandas/core/generic.py", line 12423, in max
    return self._stat_function(
           ^^^^^^^^^^^^^^^^^^^^
  File "/home/renjunji_2023/miniconda3/envs/reevo/lib/python3.11/site-packages/pandas/core/generic.py", line 12396, in _stat_function
    return self._reduce(
           ^^^^^^^^^^^^^
  File "/home/renjunji_2023/miniconda3/envs/reevo/lib/python3.11/site-packages/pandas/core/series.py", line 6450, in _reduce
    self._get_axis_number(axis)
  File "/home/renjunji_2023/miniconda3/envs/reevo/lib/python3.11/site-packages/pandas/core/generic.py", line 578, in _get_axis_number
    raise ValueError(f"No axis named {axis} for object type {cls.__name__}")
ValueError: No axis named 1 for object type Series
