[*] Running ...
Traceback (most recent call last):
  File "/home/renjunji_2023/miniconda3/envs/reevo/lib/python3.11/site-packages/pandas/core/groupby/groupby.py", line 1825, in apply
    result = self._python_apply_general(f, self._selected_obj)
             ^^^^^^^^^^^^^^^^^^^^^^^^^^^^^^^^^^^^^^^^^^^^^^^^^
  File "/home/renjunji_2023/miniconda3/envs/reevo/lib/python3.11/site-packages/pandas/core/groupby/groupby.py", line 1886, in _python_apply_general
    values, mutated = self._grouper.apply_groupwise(f, data, self.axis)
                      ^^^^^^^^^^^^^^^^^^^^^^^^^^^^^^^^^^^^^^^^^^^^^^^^^
  File "/home/renjunji_2023/miniconda3/envs/reevo/lib/python3.11/site-packages/pandas/core/groupby/ops.py", line 919, in apply_groupwise
    res = f(group)
          ^^^^^^^^
  File "/home/renjunji_2023/reevo/problems/csi500/eval.py", line 28, in <lambda>
    market_data['factor'] = market_data.groupby('stock_code').apply(lambda x: heuristics(x)).reset_index(level=0, drop=True)
                                                                              ^^^^^^^^^^^^^
  File "/home/renjunji_2023/reevo/problems/csi500/tmp/gpt_temp_1_14620a53.py", line 24, in heuristics_v2
    weighted_volume_increase = (volume_change.rolling(window=M).apply(lambda x: sum(x[x > 0] * (M - range(M)) / M), raw=False))
                                ^^^^^^^^^^^^^^^^^^^^^^^^^^^^^^^^^^^^^^^^^^^^^^^^^^^^^^^^^^^^^^^^^^^^^^^^^^^^^^^^^^^^^^^^^^^^^^
  File "/home/renjunji_2023/miniconda3/envs/reevo/lib/python3.11/site-packages/pandas/core/window/rolling.py", line 2049, in apply
    return super().apply(
           ^^^^^^^^^^^^^^
  File "/home/renjunji_2023/miniconda3/envs/reevo/lib/python3.11/site-packages/pandas/core/window/rolling.py", line 1508, in apply
    return self._apply(
           ^^^^^^^^^^^^
  File "/home/renjunji_2023/miniconda3/envs/reevo/lib/python3.11/site-packages/pandas/core/window/rolling.py", line 619, in _apply
    return self._apply_columnwise(homogeneous_func, name, numeric_only)
           ^^^^^^^^^^^^^^^^^^^^^^^^^^^^^^^^^^^^^^^^^^^^^^^^^^^^^^^^^^^^
  File "/home/renjunji_2023/miniconda3/envs/reevo/lib/python3.11/site-packages/pandas/core/window/rolling.py", line 472, in _apply_columnwise
    return self._apply_series(homogeneous_func, name)
           ^^^^^^^^^^^^^^^^^^^^^^^^^^^^^^^^^^^^^^^^^^
  File "/home/renjunji_2023/miniconda3/envs/reevo/lib/python3.11/site-packages/pandas/core/window/rolling.py", line 456, in _apply_series
    result = homogeneous_func(values)
             ^^^^^^^^^^^^^^^^^^^^^^^^
  File "/home/renjunji_2023/miniconda3/envs/reevo/lib/python3.11/site-packages/pandas/core/window/rolling.py", line 614, in homogeneous_func
    result = calc(values)
             ^^^^^^^^^^^^
  File "/home/renjunji_2023/miniconda3/envs/reevo/lib/python3.11/site-packages/pandas/core/window/rolling.py", line 611, in calc
    return func(x, start, end, min_periods, *numba_args)
           ^^^^^^^^^^^^^^^^^^^^^^^^^^^^^^^^^^^^^^^^^^^^^
  File "/home/renjunji_2023/miniconda3/envs/reevo/lib/python3.11/site-packages/pandas/core/window/rolling.py", line 1535, in apply_func
    return window_func(values, begin, end, min_periods)
           ^^^^^^^^^^^^^^^^^^^^^^^^^^^^^^^^^^^^^^^^^^^^
  File "pandas/_libs/window/aggregations.pyx", line 1422, in pandas._libs.window.aggregations.roll_apply
  File "/home/renjunji_2023/reevo/problems/csi500/tmp/gpt_temp_1_14620a53.py", line 24, in <lambda>
    weighted_volume_increase = (volume_change.rolling(window=M).apply(lambda x: sum(x[x > 0] * (M - range(M)) / M), raw=False))
                                                                                                ~~^~~~~~~~~~
TypeError: unsupported operand type(s) for -: 'int' and 'range'

During handling of the above exception, another exception occurred:

Traceback (most recent call last):
  File "/home/renjunji_2023/reevo/problems/csi500/eval.py", line 69, in <module>
    mean_ic = solve(market_data, heuristics)
              ^^^^^^^^^^^^^^^^^^^^^^^^^^^^^^
  File "/home/renjunji_2023/reevo/problems/csi500/eval.py", line 28, in solve
    market_data['factor'] = market_data.groupby('stock_code').apply(lambda x: heuristics(x)).reset_index(level=0, drop=True)
                            ^^^^^^^^^^^^^^^^^^^^^^^^^^^^^^^^^^^^^^^^^^^^^^^^^^^^^^^^^^^^^^^^
  File "/home/renjunji_2023/miniconda3/envs/reevo/lib/python3.11/site-packages/pandas/core/groupby/groupby.py", line 1847, in apply
    return self._python_apply_general(f, self._obj_with_exclusions)
           ^^^^^^^^^^^^^^^^^^^^^^^^^^^^^^^^^^^^^^^^^^^^^^^^^^^^^^^^
  File "/home/renjunji_2023/miniconda3/envs/reevo/lib/python3.11/site-packages/pandas/core/groupby/groupby.py", line 1886, in _python_apply_general
    values, mutated = self._grouper.apply_groupwise(f, data, self.axis)
                      ^^^^^^^^^^^^^^^^^^^^^^^^^^^^^^^^^^^^^^^^^^^^^^^^^
  File "/home/renjunji_2023/miniconda3/envs/reevo/lib/python3.11/site-packages/pandas/core/groupby/ops.py", line 919, in apply_groupwise
    res = f(group)
          ^^^^^^^^
  File "/home/renjunji_2023/reevo/problems/csi500/eval.py", line 28, in <lambda>
    market_data['factor'] = market_data.groupby('stock_code').apply(lambda x: heuristics(x)).reset_index(level=0, drop=True)
                                                                              ^^^^^^^^^^^^^
  File "/home/renjunji_2023/reevo/problems/csi500/tmp/gpt_temp_1_14620a53.py", line 24, in heuristics_v2
    weighted_volume_increase = (volume_change.rolling(window=M).apply(lambda x: sum(x[x > 0] * (M - range(M)) / M), raw=False))
                                ^^^^^^^^^^^^^^^^^^^^^^^^^^^^^^^^^^^^^^^^^^^^^^^^^^^^^^^^^^^^^^^^^^^^^^^^^^^^^^^^^^^^^^^^^^^^^^
  File "/home/renjunji_2023/miniconda3/envs/reevo/lib/python3.11/site-packages/pandas/core/window/rolling.py", line 2049, in apply
    return super().apply(
           ^^^^^^^^^^^^^^
  File "/home/renjunji_2023/miniconda3/envs/reevo/lib/python3.11/site-packages/pandas/core/window/rolling.py", line 1508, in apply
    return self._apply(
           ^^^^^^^^^^^^
  File "/home/renjunji_2023/miniconda3/envs/reevo/lib/python3.11/site-packages/pandas/core/window/rolling.py", line 619, in _apply
    return self._apply_columnwise(homogeneous_func, name, numeric_only)
           ^^^^^^^^^^^^^^^^^^^^^^^^^^^^^^^^^^^^^^^^^^^^^^^^^^^^^^^^^^^^
  File "/home/renjunji_2023/miniconda3/envs/reevo/lib/python3.11/site-packages/pandas/core/window/rolling.py", line 472, in _apply_columnwise
    return self._apply_series(homogeneous_func, name)
           ^^^^^^^^^^^^^^^^^^^^^^^^^^^^^^^^^^^^^^^^^^
  File "/home/renjunji_2023/miniconda3/envs/reevo/lib/python3.11/site-packages/pandas/core/window/rolling.py", line 456, in _apply_series
    result = homogeneous_func(values)
             ^^^^^^^^^^^^^^^^^^^^^^^^
  File "/home/renjunji_2023/miniconda3/envs/reevo/lib/python3.11/site-packages/pandas/core/window/rolling.py", line 614, in homogeneous_func
    result = calc(values)
             ^^^^^^^^^^^^
  File "/home/renjunji_2023/miniconda3/envs/reevo/lib/python3.11/site-packages/pandas/core/window/rolling.py", line 611, in calc
    return func(x, start, end, min_periods, *numba_args)
           ^^^^^^^^^^^^^^^^^^^^^^^^^^^^^^^^^^^^^^^^^^^^^
  File "/home/renjunji_2023/miniconda3/envs/reevo/lib/python3.11/site-packages/pandas/core/window/rolling.py", line 1535, in apply_func
    return window_func(values, begin, end, min_periods)
           ^^^^^^^^^^^^^^^^^^^^^^^^^^^^^^^^^^^^^^^^^^^^
  File "pandas/_libs/window/aggregations.pyx", line 1422, in pandas._libs.window.aggregations.roll_apply
  File "/home/renjunji_2023/reevo/problems/csi500/tmp/gpt_temp_1_14620a53.py", line 24, in <lambda>
    weighted_volume_increase = (volume_change.rolling(window=M).apply(lambda x: sum(x[x > 0] * (M - range(M)) / M), raw=False))
                                                                                                ~~^~~~~~~~~~
TypeError: unsupported operand type(s) for -: 'int' and 'range'
