[*] Running ...
/home/renjunji_2023/reevo/problems/spx/tmp/gpt_temp_5_9ab54681.py:37: FutureWarning: 'M' is deprecated and will be removed in a future version, please use 'ME' instead.
  monthly_mean = df['close'].resample('M').mean().reindex(df.index, method='ffill')
Traceback (most recent call last):
  File "/home/renjunji_2023/miniconda3/envs/reevo/lib/python3.11/site-packages/pandas/core/groupby/groupby.py", line 1825, in apply
    result = self._python_apply_general(f, self._selected_obj)
             ^^^^^^^^^^^^^^^^^^^^^^^^^^^^^^^^^^^^^^^^^^^^^^^^^
  File "/home/renjunji_2023/miniconda3/envs/reevo/lib/python3.11/site-packages/pandas/core/groupby/groupby.py", line 1886, in _python_apply_general
    values, mutated = self._grouper.apply_groupwise(f, data, self.axis)
                      ^^^^^^^^^^^^^^^^^^^^^^^^^^^^^^^^^^^^^^^^^^^^^^^^^
  File "/home/renjunji_2023/miniconda3/envs/reevo/lib/python3.11/site-packages/pandas/core/groupby/ops.py", line 919, in apply_groupwise
    res = f(group)
          ^^^^^^^^
  File "/home/renjunji_2023/reevo/problems/spx/eval.py", line 28, in <lambda>
    market_data['factor'] = market_data.groupby('stock_code').apply(lambda x: heuristics(x)).reset_index(level=0, drop=True)
                                                                              ^^^^^^^^^^^^^
  File "/home/renjunji_2023/reevo/problems/spx/tmp/gpt_temp_5_9ab54681.py", line 37, in heuristics_v2
    monthly_mean = df['close'].resample('M').mean().reindex(df.index, method='ffill')
                   ^^^^^^^^^^^^^^^^^^^^^^^^^
  File "/home/renjunji_2023/miniconda3/envs/reevo/lib/python3.11/site-packages/pandas/core/generic.py", line 9790, in resample
    return get_resampler(
           ^^^^^^^^^^^^^^
  File "/home/renjunji_2023/miniconda3/envs/reevo/lib/python3.11/site-packages/pandas/core/resample.py", line 2050, in get_resampler
    return tg._get_resampler(obj, kind=kind)
           ^^^^^^^^^^^^^^^^^^^^^^^^^^^^^^^^^
  File "/home/renjunji_2023/miniconda3/envs/reevo/lib/python3.11/site-packages/pandas/core/resample.py", line 2272, in _get_resampler
    raise TypeError(
TypeError: Only valid with DatetimeIndex, TimedeltaIndex or PeriodIndex, but got an instance of 'MultiIndex'

During handling of the above exception, another exception occurred:

Traceback (most recent call last):
  File "/home/renjunji_2023/reevo/problems/spx/eval.py", line 69, in <module>
    mean_ic = solve(market_data, heuristics)
              ^^^^^^^^^^^^^^^^^^^^^^^^^^^^^^
  File "/home/renjunji_2023/reevo/problems/spx/eval.py", line 28, in solve
    market_data['factor'] = market_data.groupby('stock_code').apply(lambda x: heuristics(x)).reset_index(level=0, drop=True)
                            ^^^^^^^^^^^^^^^^^^^^^^^^^^^^^^^^^^^^^^^^^^^^^^^^^^^^^^^^^^^^^^^^
  File "/home/renjunji_2023/miniconda3/envs/reevo/lib/python3.11/site-packages/pandas/core/groupby/groupby.py", line 1847, in apply
    return self._python_apply_general(f, self._obj_with_exclusions)
           ^^^^^^^^^^^^^^^^^^^^^^^^^^^^^^^^^^^^^^^^^^^^^^^^^^^^^^^^
  File "/home/renjunji_2023/miniconda3/envs/reevo/lib/python3.11/site-packages/pandas/core/groupby/groupby.py", line 1886, in _python_apply_general
    values, mutated = self._grouper.apply_groupwise(f, data, self.axis)
                      ^^^^^^^^^^^^^^^^^^^^^^^^^^^^^^^^^^^^^^^^^^^^^^^^^
  File "/home/renjunji_2023/miniconda3/envs/reevo/lib/python3.11/site-packages/pandas/core/groupby/ops.py", line 919, in apply_groupwise
    res = f(group)
          ^^^^^^^^
  File "/home/renjunji_2023/reevo/problems/spx/eval.py", line 28, in <lambda>
    market_data['factor'] = market_data.groupby('stock_code').apply(lambda x: heuristics(x)).reset_index(level=0, drop=True)
                                                                              ^^^^^^^^^^^^^
  File "/home/renjunji_2023/reevo/problems/spx/tmp/gpt_temp_5_9ab54681.py", line 37, in heuristics_v2
    monthly_mean = df['close'].resample('M').mean().reindex(df.index, method='ffill')
                   ^^^^^^^^^^^^^^^^^^^^^^^^^
  File "/home/renjunji_2023/miniconda3/envs/reevo/lib/python3.11/site-packages/pandas/core/generic.py", line 9790, in resample
    return get_resampler(
           ^^^^^^^^^^^^^^
  File "/home/renjunji_2023/miniconda3/envs/reevo/lib/python3.11/site-packages/pandas/core/resample.py", line 2050, in get_resampler
    return tg._get_resampler(obj, kind=kind)
           ^^^^^^^^^^^^^^^^^^^^^^^^^^^^^^^^^
  File "/home/renjunji_2023/miniconda3/envs/reevo/lib/python3.11/site-packages/pandas/core/resample.py", line 2272, in _get_resampler
    raise TypeError(
TypeError: Only valid with DatetimeIndex, TimedeltaIndex or PeriodIndex, but got an instance of 'MultiIndex'
