[*] Running ...
Traceback (most recent call last):
  File "/home/rjj/miniconda3/envs/ReEvo/lib/python3.11/site-packages/pandas/core/groupby/groupby.py", line 1825, in apply
    result = self._python_apply_general(f, self._selected_obj)
             ^^^^^^^^^^^^^^^^^^^^^^^^^^^^^^^^^^^^^^^^^^^^^^^^^
  File "/home/rjj/miniconda3/envs/ReEvo/lib/python3.11/site-packages/pandas/core/groupby/groupby.py", line 1886, in _python_apply_general
    values, mutated = self._grouper.apply_groupwise(f, data, self.axis)
                      ^^^^^^^^^^^^^^^^^^^^^^^^^^^^^^^^^^^^^^^^^^^^^^^^^
  File "/home/rjj/miniconda3/envs/ReEvo/lib/python3.11/site-packages/pandas/core/groupby/ops.py", line 919, in apply_groupwise
    res = f(group)
          ^^^^^^^^
  File "/home/rjj/reevo/problems/dji/eval.py", line 28, in <lambda>
    market_data['factor'] = market_data.groupby('stock_code').apply(lambda x: heuristics(x)).reset_index(level=0, drop=True)
                                                                              ^^^^^^^^^^^^^
  File "/home/rjj/reevo/problems/dji/tmp/gpt_temp_7_a7e80cda.py", line 15, in heuristics_v2
    df['WMA_Returns'] = df.apply(lambda x: sum(df.loc[x.name - pd.Timedelta(days=i), 'Daily_Price_Return'] * df.loc[x.name - pd.Timedelta(days=i), 'volume'] for i in range(20) if x.name - pd.Timedelta(days=i) in df.index) / sum(df.loc[x.name - pd.Timedelta(days=i), 'volume'] for i in range(20) if x.name - pd.Timedelta(days=i) in df.index), axis=1)
                        ^^^^^^^^^^^^^^^^^^^^^^^^^^^^^^^^^^^^^^^^^^^^^^^^^^^^^^^^^^^^^^^^^^^^^^^^^^^^^^^^^^^^^^^^^^^^^^^^^^^^^^^^^^^^^^^^^^^^^^^^^^^^^^^^^^^^^^^^^^^^^^^^^^^^^^^^^^^^^^^^^^^^^^^^^^^^^^^^^^^^^^^^^^^^^^^^^^^^^^^^^^^^^^^^^^^^^^^^^^^^^^^^^^^^^^^^^^^^^^^^^^^^^^^^^^^^^^^^^^^^^^^^^^^^^^^^^^^^^^^^^^^^^^^^^^^^^^^^^^^^^^^^^^^^^^^^^^^^^^^^^^^^^
  File "/home/rjj/miniconda3/envs/ReEvo/lib/python3.11/site-packages/pandas/core/frame.py", line 10381, in apply
    return op.apply().__finalize__(self, method="apply")
           ^^^^^^^^^^
  File "/home/rjj/miniconda3/envs/ReEvo/lib/python3.11/site-packages/pandas/core/apply.py", line 916, in apply
    return self.apply_standard()
           ^^^^^^^^^^^^^^^^^^^^^
  File "/home/rjj/miniconda3/envs/ReEvo/lib/python3.11/site-packages/pandas/core/apply.py", line 1063, in apply_standard
    results, res_index = self.apply_series_generator()
                         ^^^^^^^^^^^^^^^^^^^^^^^^^^^^^
  File "/home/rjj/miniconda3/envs/ReEvo/lib/python3.11/site-packages/pandas/core/apply.py", line 1081, in apply_series_generator
    results[i] = self.func(v, *self.args, **self.kwargs)
                 ^^^^^^^^^^^^^^^^^^^^^^^^^^^^^^^^^^^^^^^
  File "/home/rjj/reevo/problems/dji/tmp/gpt_temp_7_a7e80cda.py", line 15, in <lambda>
    df['WMA_Returns'] = df.apply(lambda x: sum(df.loc[x.name - pd.Timedelta(days=i), 'Daily_Price_Return'] * df.loc[x.name - pd.Timedelta(days=i), 'volume'] for i in range(20) if x.name - pd.Timedelta(days=i) in df.index) / sum(df.loc[x.name - pd.Timedelta(days=i), 'volume'] for i in range(20) if x.name - pd.Timedelta(days=i) in df.index), axis=1)
                                           ^^^^^^^^^^^^^^^^^^^^^^^^^^^^^^^^^^^^^^^^^^^^^^^^^^^^^^^^^^^^^^^^^^^^^^^^^^^^^^^^^^^^^^^^^^^^^^^^^^^^^^^^^^^^^^^^^^^^^^^^^^^^^^^^^^^^^^^^^^^^^^^^^^^^^^^^^^^^^^^^^^^^^^^^^^^^^^^^^^
  File "/home/rjj/reevo/problems/dji/tmp/gpt_temp_7_a7e80cda.py", line 15, in <genexpr>
    df['WMA_Returns'] = df.apply(lambda x: sum(df.loc[x.name - pd.Timedelta(days=i), 'Daily_Price_Return'] * df.loc[x.name - pd.Timedelta(days=i), 'volume'] for i in range(20) if x.name - pd.Timedelta(days=i) in df.index) / sum(df.loc[x.name - pd.Timedelta(days=i), 'volume'] for i in range(20) if x.name - pd.Timedelta(days=i) in df.index), axis=1)
                                                                                                                                                                                   ~~~~~~~^~~~~~~~~~~~~~~~~~~~~~
TypeError: unsupported operand type(s) for -: 'tuple' and 'Timedelta'

During handling of the above exception, another exception occurred:

Traceback (most recent call last):
  File "/home/rjj/reevo/problems/dji/eval.py", line 69, in <module>
    mean_ic = solve(market_data, heuristics)
              ^^^^^^^^^^^^^^^^^^^^^^^^^^^^^^
  File "/home/rjj/reevo/problems/dji/eval.py", line 28, in solve
    market_data['factor'] = market_data.groupby('stock_code').apply(lambda x: heuristics(x)).reset_index(level=0, drop=True)
                            ^^^^^^^^^^^^^^^^^^^^^^^^^^^^^^^^^^^^^^^^^^^^^^^^^^^^^^^^^^^^^^^^
  File "/home/rjj/miniconda3/envs/ReEvo/lib/python3.11/site-packages/pandas/core/groupby/groupby.py", line 1847, in apply
    return self._python_apply_general(f, self._obj_with_exclusions)
           ^^^^^^^^^^^^^^^^^^^^^^^^^^^^^^^^^^^^^^^^^^^^^^^^^^^^^^^^
  File "/home/rjj/miniconda3/envs/ReEvo/lib/python3.11/site-packages/pandas/core/groupby/groupby.py", line 1886, in _python_apply_general
    values, mutated = self._grouper.apply_groupwise(f, data, self.axis)
                      ^^^^^^^^^^^^^^^^^^^^^^^^^^^^^^^^^^^^^^^^^^^^^^^^^
  File "/home/rjj/miniconda3/envs/ReEvo/lib/python3.11/site-packages/pandas/core/groupby/ops.py", line 919, in apply_groupwise
    res = f(group)
          ^^^^^^^^
  File "/home/rjj/reevo/problems/dji/eval.py", line 28, in <lambda>
    market_data['factor'] = market_data.groupby('stock_code').apply(lambda x: heuristics(x)).reset_index(level=0, drop=True)
                                                                              ^^^^^^^^^^^^^
  File "/home/rjj/reevo/problems/dji/tmp/gpt_temp_7_a7e80cda.py", line 15, in heuristics_v2
    df['WMA_Returns'] = df.apply(lambda x: sum(df.loc[x.name - pd.Timedelta(days=i), 'Daily_Price_Return'] * df.loc[x.name - pd.Timedelta(days=i), 'volume'] for i in range(20) if x.name - pd.Timedelta(days=i) in df.index) / sum(df.loc[x.name - pd.Timedelta(days=i), 'volume'] for i in range(20) if x.name - pd.Timedelta(days=i) in df.index), axis=1)
                        ^^^^^^^^^^^^^^^^^^^^^^^^^^^^^^^^^^^^^^^^^^^^^^^^^^^^^^^^^^^^^^^^^^^^^^^^^^^^^^^^^^^^^^^^^^^^^^^^^^^^^^^^^^^^^^^^^^^^^^^^^^^^^^^^^^^^^^^^^^^^^^^^^^^^^^^^^^^^^^^^^^^^^^^^^^^^^^^^^^^^^^^^^^^^^^^^^^^^^^^^^^^^^^^^^^^^^^^^^^^^^^^^^^^^^^^^^^^^^^^^^^^^^^^^^^^^^^^^^^^^^^^^^^^^^^^^^^^^^^^^^^^^^^^^^^^^^^^^^^^^^^^^^^^^^^^^^^^^^^^^^^^^^
  File "/home/rjj/miniconda3/envs/ReEvo/lib/python3.11/site-packages/pandas/core/frame.py", line 10381, in apply
    return op.apply().__finalize__(self, method="apply")
           ^^^^^^^^^^
  File "/home/rjj/miniconda3/envs/ReEvo/lib/python3.11/site-packages/pandas/core/apply.py", line 916, in apply
    return self.apply_standard()
           ^^^^^^^^^^^^^^^^^^^^^
  File "/home/rjj/miniconda3/envs/ReEvo/lib/python3.11/site-packages/pandas/core/apply.py", line 1063, in apply_standard
    results, res_index = self.apply_series_generator()
                         ^^^^^^^^^^^^^^^^^^^^^^^^^^^^^
  File "/home/rjj/miniconda3/envs/ReEvo/lib/python3.11/site-packages/pandas/core/apply.py", line 1081, in apply_series_generator
    results[i] = self.func(v, *self.args, **self.kwargs)
                 ^^^^^^^^^^^^^^^^^^^^^^^^^^^^^^^^^^^^^^^
  File "/home/rjj/reevo/problems/dji/tmp/gpt_temp_7_a7e80cda.py", line 15, in <lambda>
    df['WMA_Returns'] = df.apply(lambda x: sum(df.loc[x.name - pd.Timedelta(days=i), 'Daily_Price_Return'] * df.loc[x.name - pd.Timedelta(days=i), 'volume'] for i in range(20) if x.name - pd.Timedelta(days=i) in df.index) / sum(df.loc[x.name - pd.Timedelta(days=i), 'volume'] for i in range(20) if x.name - pd.Timedelta(days=i) in df.index), axis=1)
                                           ^^^^^^^^^^^^^^^^^^^^^^^^^^^^^^^^^^^^^^^^^^^^^^^^^^^^^^^^^^^^^^^^^^^^^^^^^^^^^^^^^^^^^^^^^^^^^^^^^^^^^^^^^^^^^^^^^^^^^^^^^^^^^^^^^^^^^^^^^^^^^^^^^^^^^^^^^^^^^^^^^^^^^^^^^^^^^^^^^^
  File "/home/rjj/reevo/problems/dji/tmp/gpt_temp_7_a7e80cda.py", line 15, in <genexpr>
    df['WMA_Returns'] = df.apply(lambda x: sum(df.loc[x.name - pd.Timedelta(days=i), 'Daily_Price_Return'] * df.loc[x.name - pd.Timedelta(days=i), 'volume'] for i in range(20) if x.name - pd.Timedelta(days=i) in df.index) / sum(df.loc[x.name - pd.Timedelta(days=i), 'volume'] for i in range(20) if x.name - pd.Timedelta(days=i) in df.index), axis=1)
                                                                                                                                                                                   ~~~~~~~^~~~~~~~~~~~~~~~~~~~~~
TypeError: unsupported operand type(s) for -: 'tuple' and 'Timedelta'
