[*] Running ...
/home/rjj/reevo/problems/csi500/tmp/gpt_temp_0_942637ce.py:38: RuntimeWarning: The values in the array are unorderable. Pass `sort=False` to suppress this warning.
  final_alpha_factor = combined_factors * volume_synchronization
Traceback (most recent call last):
  File "/home/rjj/miniconda3/envs/ReEvo/lib/python3.11/site-packages/pandas/core/series.py", line 1307, in __setitem__
    self._set_with_engine(key, value, warn=warn)
  File "/home/rjj/miniconda3/envs/ReEvo/lib/python3.11/site-packages/pandas/core/series.py", line 1379, in _set_with_engine
    loc = self.index.get_loc(key)
          ^^^^^^^^^^^^^^^^^^^^^^^
  File "/home/rjj/miniconda3/envs/ReEvo/lib/python3.11/site-packages/pandas/core/indexes/multi.py", line 3042, in get_loc
    self._check_indexing_error(key)
  File "/home/rjj/miniconda3/envs/ReEvo/lib/python3.11/site-packages/pandas/core/indexes/multi.py", line 2762, in _check_indexing_error
    raise InvalidIndexError(key)
pandas.errors.InvalidIndexError: stock_code  date      
SH600004    2020-06-30     True
            2020-07-01    False
            2020-07-02    False
            2020-07-03    False
            2020-07-06    False
                          ...  
            2024-02-19    False
            2024-02-20    False
            2024-02-21    False
            2024-02-22    False
            2024-02-23    False
Name: volume, Length: 887, dtype: bool

During handling of the above exception, another exception occurred:

Traceback (most recent call last):
  File "/home/rjj/reevo/problems/csi500/eval.py", line 70, in <module>
    mean_ic = solve(market_data, heuristics)
              ^^^^^^^^^^^^^^^^^^^^^^^^^^^^^^
  File "/home/rjj/reevo/problems/csi500/eval.py", line 28, in solve
    market_data['factor'] = market_data.groupby('stock_code').apply(lambda x: heuristics(x)).reset_index(level=0, drop=True)
                            ^^^^^^^^^^^^^^^^^^^^^^^^^^^^^^^^^^^^^^^^^^^^^^^^^^^^^^^^^^^^^^^^
  File "/home/rjj/miniconda3/envs/ReEvo/lib/python3.11/site-packages/pandas/core/groupby/groupby.py", line 1825, in apply
    result = self._python_apply_general(f, self._selected_obj)
             ^^^^^^^^^^^^^^^^^^^^^^^^^^^^^^^^^^^^^^^^^^^^^^^^^
  File "/home/rjj/miniconda3/envs/ReEvo/lib/python3.11/site-packages/pandas/core/groupby/groupby.py", line 1886, in _python_apply_general
    values, mutated = self._grouper.apply_groupwise(f, data, self.axis)
                      ^^^^^^^^^^^^^^^^^^^^^^^^^^^^^^^^^^^^^^^^^^^^^^^^^
  File "/home/rjj/miniconda3/envs/ReEvo/lib/python3.11/site-packages/pandas/core/groupby/ops.py", line 919, in apply_groupwise
    res = f(group)
          ^^^^^^^^
  File "/home/rjj/reevo/problems/csi500/eval.py", line 28, in <lambda>
    market_data['factor'] = market_data.groupby('stock_code').apply(lambda x: heuristics(x)).reset_index(level=0, drop=True)
                                                                              ^^^^^^^^^^^^^
  File "/home/rjj/reevo/problems/csi500/tmp/gpt_temp_0_942637ce.py", line 39, in heuristics_v2
    final_alpha_factor[volume_synchronization == 0] = 0
    ~~~~~~~~~~~~~~~~~~^^^^^^^^^^^^^^^^^^^^^^^^^^^^^
  File "/home/rjj/miniconda3/envs/ReEvo/lib/python3.11/site-packages/pandas/core/series.py", line 1347, in __setitem__
    key = check_bool_indexer(self.index, key)
          ^^^^^^^^^^^^^^^^^^^^^^^^^^^^^^^^^^^
  File "/home/rjj/miniconda3/envs/ReEvo/lib/python3.11/site-packages/pandas/core/indexing.py", line 2662, in check_bool_indexer
    raise IndexingError(
pandas.errors.IndexingError: Unalignable boolean Series provided as indexer (index of the boolean Series and of the indexed object do not match).
